  system.cpp
C:\Users\HAOBALLL\Desktop\作业\作业--实验报告\大二下\操作系统课程实践\完成作业\file_system\file_system\file_system\system.cpp(84,31): error C2440: “初始化”: 无法从“const char [12]”转换为“char *”
C:\Users\HAOBALLL\Desktop\作业\作业--实验报告\大二下\操作系统课程实践\完成作业\file_system\file_system\file_system\system.cpp(84,16): message : 从字符串文本转换将丢失 const 限定符(请参阅 /Zc:strictStrings)
C:\Users\HAOBALLL\Desktop\作业\作业--实验报告\大二下\操作系统课程实践\完成作业\file_system\file_system\file_system\system.cpp(171,17): error C4996: 'fopen': This function or variable may be unsafe. Consider using fopen_s instead. To disable deprecation, use _CRT_SECURE_NO_WARNINGS. See online help for details.
C:\Users\HAOBALLL\Desktop\作业\作业--实验报告\大二下\操作系统课程实践\完成作业\file_system\file_system\file_system\system.cpp(197,5): error C4996: 'strcpy': This function or variable may be unsafe. Consider using strcpy_s instead. To disable deprecation, use _CRT_SECURE_NO_WARNINGS. See online help for details.
C:\Users\HAOBALLL\Desktop\作业\作业--实验报告\大二下\操作系统课程实践\完成作业\file_system\file_system\file_system\system.cpp(198,5): error C4996: 'strcpy': This function or variable may be unsafe. Consider using strcpy_s instead. To disable deprecation, use _CRT_SECURE_NO_WARNINGS. See online help for details.
C:\Users\HAOBALLL\Desktop\作业\作业--实验报告\大二下\操作系统课程实践\完成作业\file_system\file_system\file_system\system.cpp(209,5): error C4996: 'strcpy': This function or variable may be unsafe. Consider using strcpy_s instead. To disable deprecation, use _CRT_SECURE_NO_WARNINGS. See online help for details.
C:\Users\HAOBALLL\Desktop\作业\作业--实验报告\大二下\操作系统课程实践\完成作业\file_system\file_system\file_system\system.cpp(233,5): error C4996: 'strcpy': This function or variable may be unsafe. Consider using strcpy_s instead. To disable deprecation, use _CRT_SECURE_NO_WARNINGS. See online help for details.
C:\Users\HAOBALLL\Desktop\作业\作业--实验报告\大二下\操作系统课程实践\完成作业\file_system\file_system\file_system\system.cpp(234,5): error C4996: 'strcpy': This function or variable may be unsafe. Consider using strcpy_s instead. To disable deprecation, use _CRT_SECURE_NO_WARNINGS. See online help for details.
C:\Users\HAOBALLL\Desktop\作业\作业--实验报告\大二下\操作系统课程实践\完成作业\file_system\file_system\file_system\system.cpp(254,5): error C4996: 'strcpy': This function or variable may be unsafe. Consider using strcpy_s instead. To disable deprecation, use _CRT_SECURE_NO_WARNINGS. See online help for details.
C:\Users\HAOBALLL\Desktop\作业\作业--实验报告\大二下\操作系统课程实践\完成作业\file_system\file_system\file_system\system.cpp(255,5): error C4996: 'strcpy': This function or variable may be unsafe. Consider using strcpy_s instead. To disable deprecation, use _CRT_SECURE_NO_WARNINGS. See online help for details.
C:\Users\HAOBALLL\Desktop\作业\作业--实验报告\大二下\操作系统课程实践\完成作业\file_system\file_system\file_system\system.cpp(259,23): error C4996: 'localtime': This function or variable may be unsafe. Consider using localtime_s instead. To disable deprecation, use _CRT_SECURE_NO_WARNINGS. See online help for details.
C:\Users\HAOBALLL\Desktop\作业\作业--实验报告\大二下\操作系统课程实践\完成作业\file_system\file_system\file_system\system.cpp(273,5): error C4996: 'strcpy': This function or variable may be unsafe. Consider using strcpy_s instead. To disable deprecation, use _CRT_SECURE_NO_WARNINGS. See online help for details.
C:\Users\HAOBALLL\Desktop\作业\作业--实验报告\大二下\操作系统课程实践\完成作业\file_system\file_system\file_system\system.cpp(277,9): error C4996: 'strcpy': This function or variable may be unsafe. Consider using strcpy_s instead. To disable deprecation, use _CRT_SECURE_NO_WARNINGS. See online help for details.
C:\Users\HAOBALLL\Desktop\作业\作业--实验报告\大二下\操作系统课程实践\完成作业\file_system\file_system\file_system\system.cpp(282,16): error C4996: 'fopen': This function or variable may be unsafe. Consider using fopen_s instead. To disable deprecation, use _CRT_SECURE_NO_WARNINGS. See online help for details.
C:\Users\HAOBALLL\Desktop\作业\作业--实验报告\大二下\操作系统课程实践\完成作业\file_system\file_system\file_system\system.cpp(339,21): error C4996: 'strcpy': This function or variable may be unsafe. Consider using strcpy_s instead. To disable deprecation, use _CRT_SECURE_NO_WARNINGS. See online help for details.
C:\Users\HAOBALLL\Desktop\作业\作业--实验报告\大二下\操作系统课程实践\完成作业\file_system\file_system\file_system\system.cpp(340,21): error C4996: 'strcpy': This function or variable may be unsafe. Consider using strcpy_s instead. To disable deprecation, use _CRT_SECURE_NO_WARNINGS. See online help for details.
C:\Users\HAOBALLL\Desktop\作业\作业--实验报告\大二下\操作系统课程实践\完成作业\file_system\file_system\file_system\system.cpp(347,21): error C4996: 'strcpy': This function or variable may be unsafe. Consider using strcpy_s instead. To disable deprecation, use _CRT_SECURE_NO_WARNINGS. See online help for details.
C:\Users\HAOBALLL\Desktop\作业\作业--实验报告\大二下\操作系统课程实践\完成作业\file_system\file_system\file_system\system.cpp(372,19): error C4996: 'strtok': This function or variable may be unsafe. Consider using strtok_s instead. To disable deprecation, use _CRT_SECURE_NO_WARNINGS. See online help for details.
C:\Users\HAOBALLL\Desktop\作业\作业--实验报告\大二下\操作系统课程实践\完成作业\file_system\file_system\file_system\system.cpp(373,20): error C4996: 'strtok': This function or variable may be unsafe. Consider using strtok_s instead. To disable deprecation, use _CRT_SECURE_NO_WARNINGS. See online help for details.
C:\Users\HAOBALLL\Desktop\作业\作业--实验报告\大二下\操作系统课程实践\完成作业\file_system\file_system\file_system\system.cpp(421,23): error C4996: 'localtime': This function or variable may be unsafe. Consider using localtime_s instead. To disable deprecation, use _CRT_SECURE_NO_WARNINGS. See online help for details.
C:\Users\HAOBALLL\Desktop\作业\作业--实验报告\大二下\操作系统课程实践\完成作业\file_system\file_system\file_system\system.cpp(424,5): error C4996: 'strcpy': This function or variable may be unsafe. Consider using strcpy_s instead. To disable deprecation, use _CRT_SECURE_NO_WARNINGS. See online help for details.
C:\Users\HAOBALLL\Desktop\作业\作业--实验报告\大二下\操作系统课程实践\完成作业\file_system\file_system\file_system\system.cpp(425,5): error C4996: 'strcpy': This function or variable may be unsafe. Consider using strcpy_s instead. To disable deprecation, use _CRT_SECURE_NO_WARNINGS. See online help for details.
C:\Users\HAOBALLL\Desktop\作业\作业--实验报告\大二下\操作系统课程实践\完成作业\file_system\file_system\file_system\system.cpp(439,5): error C4996: 'strcpy': This function or variable may be unsafe. Consider using strcpy_s instead. To disable deprecation, use _CRT_SECURE_NO_WARNINGS. See online help for details.
C:\Users\HAOBALLL\Desktop\作业\作业--实验报告\大二下\操作系统课程实践\完成作业\file_system\file_system\file_system\system.cpp(440,5): error C4996: 'strcpy': This function or variable may be unsafe. Consider using strcpy_s instead. To disable deprecation, use _CRT_SECURE_NO_WARNINGS. See online help for details.
C:\Users\HAOBALLL\Desktop\作业\作业--实验报告\大二下\操作系统课程实践\完成作业\file_system\file_system\file_system\system.cpp(447,5): error C4996: 'strcpy': This function or variable may be unsafe. Consider using strcpy_s instead. To disable deprecation, use _CRT_SECURE_NO_WARNINGS. See online help for details.
C:\Users\HAOBALLL\Desktop\作业\作业--实验报告\大二下\操作系统课程实践\完成作业\file_system\file_system\file_system\system.cpp(454,5): error C4996: 'strcpy': This function or variable may be unsafe. Consider using strcpy_s instead. To disable deprecation, use _CRT_SECURE_NO_WARNINGS. See online help for details.
C:\Users\HAOBALLL\Desktop\作业\作业--实验报告\大二下\操作系统课程实践\完成作业\file_system\file_system\file_system\system.cpp(455,5): error C4996: 'strcpy': This function or variable may be unsafe. Consider using strcpy_s instead. To disable deprecation, use _CRT_SECURE_NO_WARNINGS. See online help for details.
C:\Users\HAOBALLL\Desktop\作业\作业--实验报告\大二下\操作系统课程实践\完成作业\file_system\file_system\file_system\system.cpp(462,5): error C4996: 'strcpy': This function or variable may be unsafe. Consider using strcpy_s instead. To disable deprecation, use _CRT_SECURE_NO_WARNINGS. See online help for details.
C:\Users\HAOBALLL\Desktop\作业\作业--实验报告\大二下\操作系统课程实践\完成作业\file_system\file_system\file_system\system.cpp(488,19): error C4996: 'strtok': This function or variable may be unsafe. Consider using strtok_s instead. To disable deprecation, use _CRT_SECURE_NO_WARNINGS. See online help for details.
C:\Users\HAOBALLL\Desktop\作业\作业--实验报告\大二下\操作系统课程实践\完成作业\file_system\file_system\file_system\system.cpp(489,20): error C4996: 'strtok': This function or variable may be unsafe. Consider using strtok_s instead. To disable deprecation, use _CRT_SECURE_NO_WARNINGS. See online help for details.
C:\Users\HAOBALLL\Desktop\作业\作业--实验报告\大二下\操作系统课程实践\完成作业\file_system\file_system\file_system\system.cpp(655,9): error C2561: “my_create”: 函数必须返回值
C:\Users\HAOBALLL\Desktop\作业\作业--实验报告\大二下\操作系统课程实践\完成作业\file_system\file_system\file_system\system.cpp(608): message : 参见“my_create”的声明
C:\Users\HAOBALLL\Desktop\作业\作业--实验报告\大二下\操作系统课程实践\完成作业\file_system\file_system\file_system\system.cpp(666,11): warning C4834: 放弃具有 "nodiscard" 属性的函数的返回值
C:\Users\HAOBALLL\Desktop\作业\作业--实验报告\大二下\操作系统课程实践\完成作业\file_system\file_system\file_system\system.cpp(619,19): error C4996: 'strtok': This function or variable may be unsafe. Consider using strtok_s instead. To disable deprecation, use _CRT_SECURE_NO_WARNINGS. See online help for details.
C:\Users\HAOBALLL\Desktop\作业\作业--实验报告\大二下\操作系统课程实践\完成作业\file_system\file_system\file_system\system.cpp(620,20): error C4996: 'strtok': This function or variable may be unsafe. Consider using strtok_s instead. To disable deprecation, use _CRT_SECURE_NO_WARNINGS. See online help for details.
C:\Users\HAOBALLL\Desktop\作业\作业--实验报告\大二下\操作系统课程实践\完成作业\file_system\file_system\file_system\system.cpp(668,5): error C4996: 'strcpy': This function or variable may be unsafe. Consider using strcpy_s instead. To disable deprecation, use _CRT_SECURE_NO_WARNINGS. See online help for details.
C:\Users\HAOBALLL\Desktop\作业\作业--实验报告\大二下\操作系统课程实践\完成作业\file_system\file_system\file_system\system.cpp(669,5): error C4996: 'strcpy': This function or variable may be unsafe. Consider using strcpy_s instead. To disable deprecation, use _CRT_SECURE_NO_WARNINGS. See online help for details.
C:\Users\HAOBALLL\Desktop\作业\作业--实验报告\大二下\操作系统课程实践\完成作业\file_system\file_system\file_system\system.cpp(671,23): error C4996: 'localtime': This function or variable may be unsafe. Consider using localtime_s instead. To disable deprecation, use _CRT_SECURE_NO_WARNINGS. See online help for details.
C:\Users\HAOBALLL\Desktop\作业\作业--实验报告\大二下\操作系统课程实践\完成作业\file_system\file_system\file_system\system.cpp(695,19): error C4996: 'strtok': This function or variable may be unsafe. Consider using strtok_s instead. To disable deprecation, use _CRT_SECURE_NO_WARNINGS. See online help for details.
C:\Users\HAOBALLL\Desktop\作业\作业--实验报告\大二下\操作系统课程实践\完成作业\file_system\file_system\file_system\system.cpp(696,20): error C4996: 'strtok': This function or variable may be unsafe. Consider using strtok_s instead. To disable deprecation, use _CRT_SECURE_NO_WARNINGS. See online help for details.
C:\Users\HAOBALLL\Desktop\作业\作业--实验报告\大二下\操作系统课程实践\完成作业\file_system\file_system\file_system\system.cpp(766,19): error C4996: 'strtok': This function or variable may be unsafe. Consider using strtok_s instead. To disable deprecation, use _CRT_SECURE_NO_WARNINGS. See online help for details.
C:\Users\HAOBALLL\Desktop\作业\作业--实验报告\大二下\操作系统课程实践\完成作业\file_system\file_system\file_system\system.cpp(767,20): error C4996: 'strtok': This function or variable may be unsafe. Consider using strtok_s instead. To disable deprecation, use _CRT_SECURE_NO_WARNINGS. See online help for details.
C:\Users\HAOBALLL\Desktop\作业\作业--实验报告\大二下\操作系统课程实践\完成作业\file_system\file_system\file_system\system.cpp(794,5): error C4996: 'strcpy': This function or variable may be unsafe. Consider using strcpy_s instead. To disable deprecation, use _CRT_SECURE_NO_WARNINGS. See online help for details.
C:\Users\HAOBALLL\Desktop\作业\作业--实验报告\大二下\操作系统课程实践\完成作业\file_system\file_system\file_system\system.cpp(795,5): error C4996: 'strcpy': This function or variable may be unsafe. Consider using strcpy_s instead. To disable deprecation, use _CRT_SECURE_NO_WARNINGS. See online help for details.
C:\Users\HAOBALLL\Desktop\作业\作业--实验报告\大二下\操作系统课程实践\完成作业\file_system\file_system\file_system\system.cpp(798,5): error C4996: 'strcpy': This function or variable may be unsafe. Consider using strcpy_s instead. To disable deprecation, use _CRT_SECURE_NO_WARNINGS. See online help for details.
C:\Users\HAOBALLL\Desktop\作业\作业--实验报告\大二下\操作系统课程实践\完成作业\file_system\file_system\file_system\system.cpp(836,13): error C4996: 'strcpy': This function or variable may be unsafe. Consider using strcpy_s instead. To disable deprecation, use _CRT_SECURE_NO_WARNINGS. See online help for details.
C:\Users\HAOBALLL\Desktop\作业\作业--实验报告\大二下\操作系统课程实践\完成作业\file_system\file_system\file_system\system.cpp(837,13): error C4996: 'strcpy': This function or variable may be unsafe. Consider using strcpy_s instead. To disable deprecation, use _CRT_SECURE_NO_WARNINGS. See online help for details.
C:\Users\HAOBALLL\Desktop\作业\作业--实验报告\大二下\操作系统课程实践\完成作业\file_system\file_system\file_system\system.cpp(878,27): warning C4018: “<”: 有符号/无符号不匹配
C:\Users\HAOBALLL\Desktop\作业\作业--实验报告\大二下\操作系统课程实践\完成作业\file_system\file_system\file_system\system.cpp(895,9): error C4996: 'strcat': This function or variable may be unsafe. Consider using strcat_s instead. To disable deprecation, use _CRT_SECURE_NO_WARNINGS. See online help for details.
C:\Users\HAOBALLL\Desktop\作业\作业--实验报告\大二下\操作系统课程实践\完成作业\file_system\file_system\file_system\system.cpp(1022,34): warning C4018: “>”: 有符号/无符号不匹配
C:\Users\HAOBALLL\Desktop\作业\作业--实验报告\大二下\操作系统课程实践\完成作业\file_system\file_system\file_system\system.cpp(1118,13): warning C4018: “>”: 有符号/无符号不匹配
C:\Users\HAOBALLL\Desktop\作业\作业--实验报告\大二下\操作系统课程实践\完成作业\file_system\file_system\file_system\system.cpp(1135,16): error C4996: 'fopen': This function or variable may be unsafe. Consider using fopen_s instead. To disable deprecation, use _CRT_SECURE_NO_WARNINGS. See online help for details.
C:\Users\HAOBALLL\Desktop\作业\作业--实验报告\大二下\操作系统课程实践\完成作业\file_system\file_system\file_system\system.cpp(1159,27): warning C4018: “<”: 有符号/无符号不匹配
C:\Users\HAOBALLL\Desktop\作业\作业--实验报告\大二下\操作系统课程实践\完成作业\file_system\file_system\file_system\system.cpp(1183,34): error C2664: “void error(char *)”: 无法将参数 1 从“const char [6]”转换为“char *”
C:\Users\HAOBALLL\Desktop\作业\作业--实验报告\大二下\操作系统课程实践\完成作业\file_system\file_system\file_system\system.cpp(1183,27): message : 从字符串文本转换将丢失 const 限定符(请参阅 /Zc:strictStrings)
C:\Users\HAOBALLL\Desktop\作业\作业--实验报告\大二下\操作系统课程实践\完成作业\file_system\file_system\file_system\system.cpp(151,6): message : 参见“error”的声明
C:\Users\HAOBALLL\Desktop\作业\作业--实验报告\大二下\操作系统课程实践\完成作业\file_system\file_system\file_system\system.cpp(1190,34): error C2664: “void error(char *)”: 无法将参数 1 从“const char [6]”转换为“char *”
C:\Users\HAOBALLL\Desktop\作业\作业--实验报告\大二下\操作系统课程实践\完成作业\file_system\file_system\file_system\system.cpp(1190,27): message : 从字符串文本转换将丢失 const 限定符(请参阅 /Zc:strictStrings)
C:\Users\HAOBALLL\Desktop\作业\作业--实验报告\大二下\操作系统课程实践\完成作业\file_system\file_system\file_system\system.cpp(151,6): message : 参见“error”的声明
C:\Users\HAOBALLL\Desktop\作业\作业--实验报告\大二下\操作系统课程实践\完成作业\file_system\file_system\file_system\system.cpp(1200,31): error C2664: “void error(char *)”: 无法将参数 1 从“const char [3]”转换为“char *”
C:\Users\HAOBALLL\Desktop\作业\作业--实验报告\大二下\操作系统课程实践\完成作业\file_system\file_system\file_system\system.cpp(1200,27): message : 从字符串文本转换将丢失 const 限定符(请参阅 /Zc:strictStrings)
C:\Users\HAOBALLL\Desktop\作业\作业--实验报告\大二下\操作系统课程实践\完成作业\file_system\file_system\file_system\system.cpp(151,6): message : 参见“error”的声明
C:\Users\HAOBALLL\Desktop\作业\作业--实验报告\大二下\操作系统课程实践\完成作业\file_system\file_system\file_system\system.cpp(1207,35): error C2664: “void error(char *)”: 无法将参数 1 从“const char [7]”转换为“char *”
C:\Users\HAOBALLL\Desktop\作业\作业--实验报告\大二下\操作系统课程实践\完成作业\file_system\file_system\file_system\system.cpp(1207,27): message : 从字符串文本转换将丢失 const 限定符(请参阅 /Zc:strictStrings)
C:\Users\HAOBALLL\Desktop\作业\作业--实验报告\大二下\操作系统课程实践\完成作业\file_system\file_system\file_system\system.cpp(151,6): message : 参见“error”的声明
C:\Users\HAOBALLL\Desktop\作业\作业--实验报告\大二下\操作系统课程实践\完成作业\file_system\file_system\file_system\system.cpp(1214,31): error C2664: “void error(char *)”: 无法将参数 1 从“const char [3]”转换为“char *”
C:\Users\HAOBALLL\Desktop\作业\作业--实验报告\大二下\操作系统课程实践\完成作业\file_system\file_system\file_system\system.cpp(1214,27): message : 从字符串文本转换将丢失 const 限定符(请参阅 /Zc:strictStrings)
C:\Users\HAOBALLL\Desktop\作业\作业--实验报告\大二下\操作系统课程实践\完成作业\file_system\file_system\file_system\system.cpp(151,6): message : 参见“error”的声明
C:\Users\HAOBALLL\Desktop\作业\作业--实验报告\大二下\操作系统课程实践\完成作业\file_system\file_system\file_system\system.cpp(1221,33): error C2664: “void error(char *)”: 无法将参数 1 从“const char [5]”转换为“char *”
C:\Users\HAOBALLL\Desktop\作业\作业--实验报告\大二下\操作系统课程实践\完成作业\file_system\file_system\file_system\system.cpp(1221,27): message : 从字符串文本转换将丢失 const 限定符(请参阅 /Zc:strictStrings)
C:\Users\HAOBALLL\Desktop\作业\作业--实验报告\大二下\操作系统课程实践\完成作业\file_system\file_system\file_system\system.cpp(151,6): message : 参见“error”的声明
C:\Users\HAOBALLL\Desktop\作业\作业--实验报告\大二下\操作系统课程实践\完成作业\file_system\file_system\file_system\system.cpp(1240,39): warning C4018: “<”: 有符号/无符号不匹配
C:\Users\HAOBALLL\Desktop\作业\作业--实验报告\大二下\操作系统课程实践\完成作业\file_system\file_system\file_system\system.cpp(1244,33): error C2664: “void error(char *)”: 无法将参数 1 从“const char [5]”转换为“char *”
C:\Users\HAOBALLL\Desktop\作业\作业--实验报告\大二下\操作系统课程实践\完成作业\file_system\file_system\file_system\system.cpp(1244,27): message : 从字符串文本转换将丢失 const 限定符(请参阅 /Zc:strictStrings)
C:\Users\HAOBALLL\Desktop\作业\作业--实验报告\大二下\操作系统课程实践\完成作业\file_system\file_system\file_system\system.cpp(151,6): message : 参见“error”的声明
C:\Users\HAOBALLL\Desktop\作业\作业--实验报告\大二下\操作系统课程实践\完成作业\file_system\file_system\file_system\system.cpp(1168,18): error C4996: 'strtok': This function or variable may be unsafe. Consider using strtok_s instead. To disable deprecation, use _CRT_SECURE_NO_WARNINGS. See online help for details.
C:\Users\HAOBALLL\Desktop\作业\作业--实验报告\大二下\操作系统课程实践\完成作业\file_system\file_system\file_system\system.cpp(1178,22): error C4996: 'strtok': This function or variable may be unsafe. Consider using strtok_s instead. To disable deprecation, use _CRT_SECURE_NO_WARNINGS. See online help for details.
C:\Users\HAOBALLL\Desktop\作业\作业--实验报告\大二下\操作系统课程实践\完成作业\file_system\file_system\file_system\system.cpp(1186,22): error C4996: 'strtok': This function or variable may be unsafe. Consider using strtok_s instead. To disable deprecation, use _CRT_SECURE_NO_WARNINGS. See online help for details.
C:\Users\HAOBALLL\Desktop\作业\作业--实验报告\大二下\操作系统课程实践\完成作业\file_system\file_system\file_system\system.cpp(1196,22): error C4996: 'strtok': This function or variable may be unsafe. Consider using strtok_s instead. To disable deprecation, use _CRT_SECURE_NO_WARNINGS. See online help for details.
C:\Users\HAOBALLL\Desktop\作业\作业--实验报告\大二下\操作系统课程实践\完成作业\file_system\file_system\file_system\system.cpp(1203,22): error C4996: 'strtok': This function or variable may be unsafe. Consider using strtok_s instead. To disable deprecation, use _CRT_SECURE_NO_WARNINGS. See online help for details.
C:\Users\HAOBALLL\Desktop\作业\作业--实验报告\大二下\操作系统课程实践\完成作业\file_system\file_system\file_system\system.cpp(1210,22): error C4996: 'strtok': This function or variable may be unsafe. Consider using strtok_s instead. To disable deprecation, use _CRT_SECURE_NO_WARNINGS. See online help for details.
C:\Users\HAOBALLL\Desktop\作业\作业--实验报告\大二下\操作系统课程实践\完成作业\file_system\file_system\file_system\system.cpp(1217,22): error C4996: 'strtok': This function or variable may be unsafe. Consider using strtok_s instead. To disable deprecation, use _CRT_SECURE_NO_WARNINGS. See online help for details.
C:\Users\HAOBALLL\Desktop\作业\作业--实验报告\大二下\操作系统课程实践\完成作业\file_system\file_system\file_system\system.cpp(1236,22): error C4996: 'strtok': This function or variable may be unsafe. Consider using strtok_s instead. To disable deprecation, use _CRT_SECURE_NO_WARNINGS. See online help for details.
